Build started 10/5/2015 7:43:12 AM.
     1>Project "C:\Users\JuanCarlos\Documents\Visual Studio 2015\Projects\MedzmateProcess\json_spirit\json_spirit.vcxproj" on node 2 (Build target(s)).
     1>ClCompile:
         C:\Program Files (x86)\Microsoft Visual Studio 14.0\VC\bin\CL.exe /c /I"C:\Program Files\boost\boost_1_34_0" /ZI /nologo /W3 /WX- /Od /Oy- /D WIN32 /D _DEBUG /D _LIB /D _UNICODE /D UNICODE /Gm /EHsc /RTC1 /MDd /GS /fp:precise /Zc:wchar_t /Zc:forScope /Zc:inline /Fo"Debug\\" /Fd"Debug\json_spirit_lib.pdb" /Gd /TP /analyze- /errorReport:prompt 
          json_spirit_reader.cpp json_spirit_writer.cpp
         json_spirit_writer.cpp
         Unknown compiler version - please run the configure tests and report the results
         json_spirit_reader.cpp
         Unknown compiler version - please run the configure tests and report the results
     1>c:\program files (x86)\microsoft visual studio 14.0\vc\include\vector(1228): warning C4503: '__LINE__Var': decorated name length exceeded, name was truncated
         c:\program files (x86)\microsoft visual studio 14.0\vc\include\vector(1228): note: while compiling class template member function 'json_spirit::Json_grammer<Value_type,Iter_type>::definition<ScannerT> *&std::vector<json_spirit::Json_grammer<Value_type,Iter_type>::definition<ScannerT> *,std::allocator<_Ty>>::operator [](unsigned int)'
                 with
                 [
                     Value_type=json_spirit::wmValue,
                     Iter_type=Posn_iter_t,
                     ScannerT=scanner_t,
                     _Ty=json_spirit::Json_grammer<json_spirit::wmValue,Posn_iter_t>::definition<scanner_t> *
                 ]
         c:\program files\boost\boost_1_34_0\boost\spirit\core\non_terminal\impl\grammar.ipp(194): note: see reference to function template instantiation 'json_spirit::Json_grammer<Value_type,Iter_type>::definition<ScannerT> *&std::vector<json_spirit::Json_grammer<Value_type,Iter_type>::definition<ScannerT> *,std::allocator<_Ty>>::operator [](unsigned int)' being compiled
                 with
                 [
                     Value_type=json_spirit::wmValue,
                     Iter_type=Posn_iter_t,
                     ScannerT=scanner_t,
                     _Ty=json_spirit::Json_grammer<json_spirit::wmValue,Posn_iter_t>::definition<scanner_t> *
                 ]
         c:\program files\boost\boost_1_34_0\boost\spirit\core\non_terminal\impl\grammar.ipp(203): note: see reference to class template instantiation 'std::vector<json_spirit::Json_grammer<Value_type,Iter_type>::definition<ScannerT> *,std::allocator<_Ty>>' being compiled
                 with
                 [
                     Value_type=json_spirit::wmValue,
                     Iter_type=Posn_iter_t,
                     ScannerT=scanner_t,
                     _Ty=json_spirit::Json_grammer<json_spirit::wmValue,Posn_iter_t>::definition<scanner_t> *
                 ]
         c:\program files\boost\boost_1_34_0\boost\spirit\core\non_terminal\impl\grammar.ipp(222): note: see reference to class template instantiation 'boost::spirit::impl::grammar_helper<self_t,DerivedT,ScannerT>' being compiled
                 with
                 [
                     DerivedT=json_spirit::Json_grammer<json_spirit::wmValue,Posn_iter_t>,
                     ScannerT=scanner_t
                 ]
         c:\program files\boost\boost_1_34_0\boost\spirit\core\non_terminal\impl\grammar.ipp(279): note: see reference to function template instantiation 'json_spirit::Json_grammer<Value_type,Iter_type>::definition<ScannerT> &boost::spirit::impl::get_definition<DerivedT,ContextT,ScannerT>(const boost::spirit::grammar<DerivedT,ContextT> *)' being compiled
                 with
                 [
                     Value_type=json_spirit::wmValue,
                     Iter_type=Posn_iter_t,
                     ScannerT=scanner_t,
                     DerivedT=json_spirit::Json_grammer<json_spirit::wmValue,Posn_iter_t>,
                     ContextT=boost::spirit::parser_context<boost::spirit::nil_t>
                 ]
         c:\program files\boost\boost_1_34_0\boost\spirit\core\non_terminal\grammar.hpp(55): note: see reference to function template instantiation 'boost::spirit::match<boost::spirit::nil_t> boost::spirit::impl::grammar_parser_parse<0,json_spirit::Json_grammer<Value_type,Iter_type>,boost::spirit::parser_context<boost::spirit::nil_t>,ScannerT>(const boost::spirit::grammar<json_spirit::Json_grammer<Value_type,Iter_type>,boost::spirit::parser_context<boost::spirit::nil_t>> *,const ScannerT &)' being compiled
                 with
                 [
                     Value_type=json_spirit::wmValue,
                     Iter_type=Posn_iter_t,
                     ScannerT=scanner_t
                 ]
         c:\program files\boost\boost_1_34_0\boost\spirit\core\non_terminal\grammar.hpp(63): note: see reference to function template instantiation 'boost::spirit::match<boost::spirit::nil_t> boost::spirit::grammar<json_spirit::Json_grammer<Value_type,Iter_type>,boost::spirit::parser_context<boost::spirit::nil_t>>::parse_main<ScannerT>(const ScannerT &) const' being compiled
                 with
                 [
                     Value_type=json_spirit::wmValue,
                     Iter_type=Posn_iter_t,
                     ScannerT=scanner_t
                 ]
         c:\program files\boost\boost_1_34_0\boost\spirit\core\non_terminal\grammar.hpp(63): note: see reference to function template instantiation 'boost::spirit::match<boost::spirit::nil_t> boost::spirit::grammar<json_spirit::Json_grammer<Value_type,Iter_type>,boost::spirit::parser_context<boost::spirit::nil_t>>::parse_main<ScannerT>(const ScannerT &) const' being compiled
                 with
                 [
                     Value_type=json_spirit::wmValue,
                     Iter_type=Posn_iter_t,
                     ScannerT=scanner_t
                 ]
         c:\program files\boost\boost_1_34_0\boost\spirit\core\scanner\impl\skipper.ipp(107): note: see reference to function template instantiation 'boost::spirit::match<boost::spirit::nil_t> boost::spirit::grammar<json_spirit::Json_grammer<Value_type,Iter_type>,boost::spirit::parser_context<boost::spirit::nil_t>>::parse<scanner_t>(const ScannerT &) const' being compiled
                 with
                 [
                     Value_type=json_spirit::wmValue,
                     Iter_type=Posn_iter_t,
                     ScannerT=scanner_t
                 ]
         c:\program files\boost\boost_1_34_0\boost\spirit\core\scanner\impl\skipper.ipp(107): note: see reference to function template instantiation 'boost::spirit::match<boost::spirit::nil_t> boost::spirit::grammar<json_spirit::Json_grammer<Value_type,Iter_type>,boost::spirit::parser_context<boost::spirit::nil_t>>::parse<scanner_t>(const ScannerT &) const' being compiled
                 with
                 [
                     Value_type=json_spirit::wmValue,
                     Iter_type=Posn_iter_t,
                     ScannerT=scanner_t
                 ]
         c:\program files\boost\boost_1_34_0\boost\spirit\core\scanner\impl\skipper.ipp(153): note: see reference to function template instantiation 'boost::spirit::parse_info<Iter_type> boost::spirit::impl::phrase_parser<SkipT>::parse<IteratorT,DerivedT>(const IteratorT &,const IteratorT &,const ParserT &,const SkipT &)' being compiled
                 with
                 [
                     Iter_type=Posn_iter_t,
                     SkipT=boost::spirit::alternative<boost::spirit::alternative<boost::spirit::space_parser,boost::spirit::confix_parser<boost::spirit::impl::string_as_parser::type,boost::spirit::kleene_star<boost::spirit::anychar_parser>,boost::spirit::alternative<boost::spirit::eol_parser,boost::spirit::end_parser>,boost::spirit::unary_parser_category,boost::spirit::non_nested,boost::spirit::is_lexeme>>,boost::spirit::confix_parser<boost::spirit::impl::string_as_parser::type,boost::spirit::kleene_star<boost::spirit::anychar_parser>,boost::spirit::impl::string_as_parser::type,boost::spirit::unary_parser_category,boost::spirit::non_nested,boost::spirit::is_lexeme>>,
                     IteratorT=Posn_iter_t,
                     DerivedT=json_spirit::Json_grammer<json_spirit::wmValue,Posn_iter_t>,
                     ParserT=json_spirit::Json_grammer<json_spirit::wmValue,Posn_iter_t>
                 ]
         c:\program files\boost\boost_1_34_0\boost\spirit\core\scanner\impl\skipper.ipp(153): note: see reference to function template instantiation 'boost::spirit::parse_info<Iter_type> boost::spirit::impl::phrase_parser<SkipT>::parse<IteratorT,DerivedT>(const IteratorT &,const IteratorT &,const ParserT &,const SkipT &)' being compiled
                 with
                 [
                     Iter_type=Posn_iter_t,
                     SkipT=boost::spirit::alternative<boost::spirit::alternative<boost::spirit::space_parser,boost::spirit::confix_parser<boost::spirit::impl::string_as_parser::type,boost::spirit::kleene_star<boost::spirit::anychar_parser>,boost::spirit::alternative<boost::spirit::eol_parser,boost::spirit::end_parser>,boost::spirit::unary_parser_category,boost::spirit::non_nested,boost::spirit::is_lexeme>>,boost::spirit::confix_parser<boost::spirit::impl::string_as_parser::type,boost::spirit::kleene_star<boost::spirit::anychar_parser>,boost::spirit::impl::string_as_parser::type,boost::spirit::unary_parser_category,boost::spirit::non_nested,boost::spirit::is_lexeme>>,
                     IteratorT=Posn_iter_t,
                     DerivedT=json_spirit::Json_grammer<json_spirit::wmValue,Posn_iter_t>,
                     ParserT=json_spirit::Json_grammer<json_spirit::wmValue,Posn_iter_t>
                 ]
         c:\users\juancarlos\documents\visual studio 2015\projects\medzmateprocess\json_spirit\json_spirit_reader_template.h(569): note: see reference to function template instantiation 'boost::spirit::parse_info<Iter_type> boost::spirit::parse<Iter_type,DerivedT,boost::spirit::alternative<boost::spirit::alternative<boost::spirit::space_parser,boost::spirit::confix_parser<boost::spirit::impl::string_as_parser::type,boost::spirit::kleene_star<boost::spirit::anychar_parser>,boost::spirit::alternative<boost::spirit::eol_parser,boost::spirit::end_parser>,boost::spirit::unary_parser_category,NestedT,boost::spirit::is_lexeme>>,boost::spirit::confix_parser<boost::spirit::impl::string_as_parser::type,boost::spirit::kleene_star<boost::spirit::anychar_parser>,boost::spirit::impl::string_as_parser::type,boost::spirit::unary_parser_category,NestedT,boost::spirit::is_lexeme>>>(const IteratorT &,const IteratorT &,const boost::spirit::parser<DerivedT> &,const boost::spirit::parser<boost::spirit::alternative<boost::spirit::alternative<boost::spirit::space_parser,boost::spirit::confix_parser<boost::spirit::impl::string_as_parser::type,boost::spirit::kleene_star<boost::spirit::anychar_parser>,boost::spirit::alternative<boost::spirit::eol_parser,boost::spirit::end_parser>,boost::spirit::unary_parser_category,NestedT,boost::spirit::is_lexeme>>,boost::spirit::confix_parser<boost::spirit::impl::string_as_parser::type,boost::spirit::kleene_star<boost::spirit::anychar_parser>,boost::spirit::impl::string_as_parser::type,boost::spirit::unary_parser_category,NestedT,boost::spirit::is_lexeme>>> &)' being compiled
                 with
                 [
                     Iter_type=Posn_iter_t,
                     DerivedT=json_spirit::Json_grammer<json_spirit::wmValue,Posn_iter_t>,
                     NestedT=boost::spirit::non_nested,
                     IteratorT=Posn_iter_t
                 ]
         c:\users\juancarlos\documents\visual studio 2015\projects\medzmateprocess\json_spirit\json_spirit_reader_template.h(529): note: see reference to function template instantiation 'Iter_type json_spirit::read_range_or_throw<Posn_iter_t,Value_type>(Iter_type,Iter_type,Value_type &)' being compiled
                 with
                 [
                     Iter_type=Posn_iter_t,
                     Value_type=json_spirit::wmValue
                 ]
         c:\users\juancarlos\documents\visual studio 2015\projects\medzmateprocess\json_spirit\json_spirit_reader_template.h(646): note: see reference to function template instantiation 'void json_spirit::add_posn_iter_and_read_range_or_throw<boost::spirit::multi_pass<std::istream_iterator<wchar_t,wchar_t,std::char_traits<wchar_t>,ptrdiff_t>,boost::spirit::multi_pass_policies::input_iterator,boost::spirit::multi_pass_policies::ref_counted,boost::spirit::multi_pass_policies::buf_id_check,boost::spirit::multi_pass_policies::std_deque>,Value_type>(Iter_type,Iter_type,Value_type &)' being compiled
                 with
                 [
                     Value_type=json_spirit::wmValue,
                     Iter_type=boost::spirit::multi_pass<std::istream_iterator<wchar_t,wchar_t,std::char_traits<wchar_t>,ptrdiff_t>,boost::spirit::multi_pass_policies::input_iterator,boost::spirit::multi_pass_policies::ref_counted,boost::spirit::multi_pass_policies::buf_id_check,boost::spirit::multi_pass_policies::std_deque>
                 ]
         c:\users\juancarlos\documents\visual studio 2015\projects\medzmateprocess\json_spirit\json_spirit_reader.cpp(125): note: see reference to function template instantiation 'void json_spirit::read_stream_or_throw<std::wistream,json_spirit::wmValue>(Istream_type &,Value_type &)' being compiled
                 with
                 [
                     Istream_type=std::wistream,
                     Value_type=json_spirit::wmValue
                 ]
     1>c:\program files (x86)\microsoft visual studio 14.0\vc\include\vector(656): warning C4503: '__LINE__Var': decorated name length exceeded, name was truncated
         c:\program files (x86)\microsoft visual studio 14.0\vc\include\vector(656): note: while compiling class template member function 'json_spirit::Json_grammer<Value_type,Iter_type>::definition<ScannerT> **const &std::_Vector_alloc<std::_Vec_base_types<_Ty,_Alloc>>::_Mylast(void) noexcept const'
                 with
                 [
                     Value_type=json_spirit::wmValue,
                     Iter_type=Posn_iter_t,
                     ScannerT=scanner_t,
                     _Ty=json_spirit::Json_grammer<json_spirit::wmValue,Posn_iter_t>::definition<scanner_t> *,
                     _Alloc=std::allocator<json_spirit::Json_grammer<json_spirit::wmValue,Posn_iter_t>::definition<scanner_t> >
                 ]
         c:\program files (x86)\microsoft visual studio 14.0\vc\include\vector(1179): note: see reference to function template instantiation 'json_spirit::Json_grammer<Value_type,Iter_type>::definition<ScannerT> **const &std::_Vector_alloc<std::_Vec_base_types<_Ty,_Alloc>>::_Mylast(void) noexcept const' being compiled
                 with
                 [
                     Value_type=json_spirit::wmValue,
                     Iter_type=Posn_iter_t,
                     ScannerT=scanner_t,
                     _Ty=json_spirit::Json_grammer<json_spirit::wmValue,Posn_iter_t>::definition<scanner_t> *,
                     _Alloc=std::allocator<json_spirit::Json_grammer<json_spirit::wmValue,Posn_iter_t>::definition<scanner_t> >
                 ]
         c:\program files (x86)\microsoft visual studio 14.0\vc\include\vector(679): note: see reference to class template instantiation 'std::_Vector_alloc<std::_Vec_base_types<_Ty,_Alloc>>' being compiled
                 with
                 [
                     _Ty=json_spirit::Json_grammer<json_spirit::wmValue,Posn_iter_t>::definition<scanner_t> *,
                     _Alloc=std::allocator<json_spirit::Json_grammer<json_spirit::wmValue,Posn_iter_t>::definition<scanner_t> >
                 ]
     1>c:\program files (x86)\microsoft visual studio 14.0\vc\include\vector(651): warning C4503: '__LINE__Var': decorated name length exceeded, name was truncated
         c:\program files (x86)\microsoft visual studio 14.0\vc\include\vector(651): note: while compiling class template member function 'json_spirit::Json_grammer<Value_type,Iter_type>::definition<ScannerT> **&std::_Vector_alloc<std::_Vec_base_types<_Ty,_Alloc>>::_Mylast(void) noexcept'
                 with
                 [
                     Value_type=json_spirit::wmValue,
                     Iter_type=Posn_iter_t,
                     ScannerT=scanner_t,
                     _Ty=json_spirit::Json_grammer<json_spirit::wmValue,Posn_iter_t>::definition<scanner_t> *,
                     _Alloc=std::allocator<json_spirit::Json_grammer<json_spirit::wmValue,Posn_iter_t>::definition<scanner_t> >
                 ]
         c:\program files (x86)\microsoft visual studio 14.0\vc\include\vector(1140): note: see reference to function template instantiation 'json_spirit::Json_grammer<Value_type,Iter_type>::definition<ScannerT> **&std::_Vector_alloc<std::_Vec_base_types<_Ty,_Alloc>>::_Mylast(void) noexcept' being compiled
                 with
                 [
                     Value_type=json_spirit::wmValue,
                     Iter_type=Posn_iter_t,
                     ScannerT=scanner_t,
                     _Ty=json_spirit::Json_grammer<json_spirit::wmValue,Posn_iter_t>::definition<scanner_t> *,
                     _Alloc=std::allocator<json_spirit::Json_grammer<json_spirit::wmValue,Posn_iter_t>::definition<scanner_t> >
                 ]
     1>c:\program files (x86)\microsoft visual studio 14.0\vc\include\vector(646): warning C4503: '__LINE__Var': decorated name length exceeded, name was truncated
         c:\program files (x86)\microsoft visual studio 14.0\vc\include\vector(646): note: while compiling class template member function 'json_spirit::Json_grammer<Value_type,Iter_type>::definition<ScannerT> **const &std::_Vector_alloc<std::_Vec_base_types<_Ty,_Alloc>>::_Myfirst(void) noexcept const'
                 with
                 [
                     Value_type=json_spirit::wmValue,
                     Iter_type=Posn_iter_t,
                     ScannerT=scanner_t,
                     _Ty=json_spirit::Json_grammer<json_spirit::wmValue,Posn_iter_t>::definition<scanner_t> *,
                     _Alloc=std::allocator<json_spirit::Json_grammer<json_spirit::wmValue,Posn_iter_t>::definition<scanner_t> >
                 ]
         c:\program files (x86)\microsoft visual studio 14.0\vc\include\vector(1179): note: see reference to function template instantiation 'json_spirit::Json_grammer<Value_type,Iter_type>::definition<ScannerT> **const &std::_Vector_alloc<std::_Vec_base_types<_Ty,_Alloc>>::_Myfirst(void) noexcept const' being compiled
                 with
                 [
                     Value_type=json_spirit::wmValue,
                     Iter_type=Posn_iter_t,
                     ScannerT=scanner_t,
                     _Ty=json_spirit::Json_grammer<json_spirit::wmValue,Posn_iter_t>::definition<scanner_t> *,
                     _Alloc=std::allocator<json_spirit::Json_grammer<json_spirit::wmValue,Posn_iter_t>::definition<scanner_t> >
                 ]
     1>c:\program files (x86)\microsoft visual studio 14.0\vc\include\vector(641): warning C4503: '__LINE__Var': decorated name length exceeded, name was truncated
         c:\program files (x86)\microsoft visual studio 14.0\vc\include\vector(641): note: while compiling class template member function 'json_spirit::Json_grammer<Value_type,Iter_type>::definition<ScannerT> **&std::_Vector_alloc<std::_Vec_base_types<_Ty,_Alloc>>::_Myfirst(void) noexcept'
                 with
                 [
                     Value_type=json_spirit::wmValue,
                     Iter_type=Posn_iter_t,
                     ScannerT=scanner_t,
                     _Ty=json_spirit::Json_grammer<json_spirit::wmValue,Posn_iter_t>::definition<scanner_t> *,
                     _Alloc=std::allocator<json_spirit::Json_grammer<json_spirit::wmValue,Posn_iter_t>::definition<scanner_t> >
                 ]
         c:\program files (x86)\microsoft visual studio 14.0\vc\include\vector(1240): note: see reference to function template instantiation 'json_spirit::Json_grammer<Value_type,Iter_type>::definition<ScannerT> **&std::_Vector_alloc<std::_Vec_base_types<_Ty,_Alloc>>::_Myfirst(void) noexcept' being compiled
                 with
                 [
                     Value_type=json_spirit::wmValue,
                     Iter_type=Posn_iter_t,
                     ScannerT=scanner_t,
                     _Ty=json_spirit::Json_grammer<json_spirit::wmValue,Posn_iter_t>::definition<scanner_t> *,
                     _Alloc=std::allocator<json_spirit::Json_grammer<json_spirit::wmValue,Posn_iter_t>::definition<scanner_t> >
                 ]
     1>c:\program files (x86)\microsoft visual studio 14.0\vc\include\vector(621): warning C4503: '__LINE__Var': decorated name length exceeded, name was truncated
         c:\program files (x86)\microsoft visual studio 14.0\vc\include\vector(621): note: while compiling class template member function 'std::_Wrap_alloc<std::allocator<_Ty>> &std::_Vector_alloc<std::_Vec_base_types<_Ty,_Alloc>>::_Getal(void) noexcept'
                 with
                 [
                     _Ty=json_spirit::Json_grammer<json_spirit::wmValue,Posn_iter_t>::definition<scanner_t> *,
                     _Alloc=std::allocator<json_spirit::Json_grammer<json_spirit::wmValue,Posn_iter_t>::definition<scanner_t> >
                 ]
         c:\program files (x86)\microsoft visual studio 14.0\vc\include\vector(1140): note: see reference to function template instantiation 'std::_Wrap_alloc<std::allocator<_Ty>> &std::_Vector_alloc<std::_Vec_base_types<_Ty,_Alloc>>::_Getal(void) noexcept' being compiled
                 with
                 [
                     _Ty=json_spirit::Json_grammer<json_spirit::wmValue,Posn_iter_t>::definition<scanner_t> *,
                     _Alloc=std::allocator<json_spirit::Json_grammer<json_spirit::wmValue,Posn_iter_t>::definition<scanner_t> >
                 ]
     1>c:\program files (x86)\microsoft visual studio 14.0\vc\include\vector(540): warning C4503: '__LINE__Var': decorated name length exceeded, name was truncated
         c:\program files (x86)\microsoft visual studio 14.0\vc\include\vector(538): note: while compiling class template member function 'std::_Vector_alloc<std::_Vec_base_types<_Ty,_Alloc>>::_Vector_alloc(const std::allocator<_Ty> &)'
                 with
                 [
                     _Ty=json_spirit::Json_grammer<json_spirit::wmValue,Posn_iter_t>::definition<scanner_t> *,
                     _Alloc=std::allocator<json_spirit::Json_grammer<json_spirit::wmValue,Posn_iter_t>::definition<scanner_t> >
                 ]
         c:\program files (x86)\microsoft visual studio 14.0\vc\include\vector(706): note: see reference to function template instantiation 'std::_Vector_alloc<std::_Vec_base_types<_Ty,_Alloc>>::_Vector_alloc(const std::allocator<_Ty> &)' being compiled
                 with
                 [
                     _Ty=json_spirit::Json_grammer<json_spirit::wmValue,Posn_iter_t>::definition<scanner_t> *,
                     _Alloc=std::allocator<json_spirit::Json_grammer<json_spirit::wmValue,Posn_iter_t>::definition<scanner_t> >
                 ]
     1>c:\program files (x86)\microsoft visual studio 14.0\vc\include\xutility(293): warning C4503: '__LINE__Var': decorated name length exceeded, name was truncated
         c:\program files (x86)\microsoft visual studio 14.0\vc\include\xutility(293): note: while compiling class template member function 'std::_Wrap_alloc<std::allocator<_Ty>> &std::_Compressed_pair<std::_Wrap_alloc<std::allocator<_Ty>>,std::_Vector_val<std::_Simple_types<json_spirit::Json_grammer<Value_type,Iter_type>::definition<ScannerT> >>,true>::_Get_first(void) noexcept'
                 with
                 [
                     _Ty=json_spirit::Json_grammer<json_spirit::wmValue,Posn_iter_t>::definition<scanner_t> *,
                     Value_type=json_spirit::wmValue,
                     Iter_type=Posn_iter_t,
                     ScannerT=scanner_t
                 ]
         c:\program files (x86)\microsoft visual studio 14.0\vc\include\vector(622): note: see reference to function template instantiation 'std::_Wrap_alloc<std::allocator<_Ty>> &std::_Compressed_pair<std::_Wrap_alloc<std::allocator<_Ty>>,std::_Vector_val<std::_Simple_types<json_spirit::Json_grammer<Value_type,Iter_type>::definition<ScannerT> >>,true>::_Get_first(void) noexcept' being compiled
                 with
                 [
                     _Ty=json_spirit::Json_grammer<json_spirit::wmValue,Posn_iter_t>::definition<scanner_t> *,
                     Value_type=json_spirit::wmValue,
                     Iter_type=Posn_iter_t,
                     ScannerT=scanner_t
                 ]
         c:\program files (x86)\microsoft visual studio 14.0\vc\include\vector(671): note: see reference to class template instantiation 'std::_Compressed_pair<std::_Wrap_alloc<std::allocator<_Ty>>,std::_Vector_val<std::_Simple_types<json_spirit::Json_grammer<Value_type,Iter_type>::definition<ScannerT> >>,true>' being compiled
                 with
                 [
                     _Ty=json_spirit::Json_grammer<json_spirit::wmValue,Posn_iter_t>::definition<scanner_t> *,
                     Value_type=json_spirit::wmValue,
                     Iter_type=Posn_iter_t,
                     ScannerT=scanner_t
                 ]
     1>c:\program files (x86)\microsoft visual studio 14.0\vc\include\vector(661): warning C4503: '__LINE__Var': decorated name length exceeded, name was truncated
         c:\program files (x86)\microsoft visual studio 14.0\vc\include\vector(661): note: while compiling class template member function 'json_spirit::Json_grammer<Value_type,Iter_type>::definition<ScannerT> **&std::_Vector_alloc<std::_Vec_base_types<_Ty,_Alloc>>::_Myend(void) noexcept'
                 with
                 [
                     Value_type=json_spirit::wmValue,
                     Iter_type=Posn_iter_t,
                     ScannerT=scanner_t,
                     _Ty=json_spirit::Json_grammer<json_spirit::wmValue,Posn_iter_t>::definition<scanner_t> *,
                     _Alloc=std::allocator<json_spirit::Json_grammer<json_spirit::wmValue,Posn_iter_t>::definition<scanner_t> >
                 ]
         c:\program files (x86)\microsoft visual studio 14.0\vc\include\vector(1661): note: see reference to function template instantiation 'json_spirit::Json_grammer<Value_type,Iter_type>::definition<ScannerT> **&std::_Vector_alloc<std::_Vec_base_types<_Ty,_Alloc>>::_Myend(void) noexcept' being compiled
                 with
                 [
                     Value_type=json_spirit::wmValue,
                     Iter_type=Posn_iter_t,
                     ScannerT=scanner_t,
                     _Ty=json_spirit::Json_grammer<json_spirit::wmValue,Posn_iter_t>::definition<scanner_t> *,
                     _Alloc=std::allocator<json_spirit::Json_grammer<json_spirit::wmValue,Posn_iter_t>::definition<scanner_t> >
                 ]
     1>c:\program files (x86)\microsoft visual studio 14.0\vc\include\vector(636): warning C4503: '__LINE__Var': decorated name length exceeded, name was truncated
         c:\program files (x86)\microsoft visual studio 14.0\vc\include\vector(636): note: while compiling class template member function 'const std::_Vector_val<std::_Simple_types<json_spirit::Json_grammer<Value_type,Iter_type>::definition<ScannerT> >> &std::_Vector_alloc<std::_Vec_base_types<_Ty,_Alloc>>::_Get_data(void) noexcept const'
                 with
                 [
                     Value_type=json_spirit::wmValue,
                     Iter_type=Posn_iter_t,
                     ScannerT=scanner_t,
                     _Ty=json_spirit::Json_grammer<json_spirit::wmValue,Posn_iter_t>::definition<scanner_t> *,
                     _Alloc=std::allocator<json_spirit::Json_grammer<json_spirit::wmValue,Posn_iter_t>::definition<scanner_t> >
                 ]
         c:\program files (x86)\microsoft visual studio 14.0\vc\include\vector(657): note: see reference to function template instantiation 'const std::_Vector_val<std::_Simple_types<json_spirit::Json_grammer<Value_type,Iter_type>::definition<ScannerT> >> &std::_Vector_alloc<std::_Vec_base_types<_Ty,_Alloc>>::_Get_data(void) noexcept const' being compiled
                 with
                 [
                     Value_type=json_spirit::wmValue,
                     Iter_type=Posn_iter_t,
                     ScannerT=scanner_t,
                     _Ty=json_spirit::Json_grammer<json_spirit::wmValue,Posn_iter_t>::definition<scanner_t> *,
                     _Alloc=std::allocator<json_spirit::Json_grammer<json_spirit::wmValue,Posn_iter_t>::definition<scanner_t> >
                 ]
     1>c:\program files (x86)\microsoft visual studio 14.0\vc\include\vector(631): warning C4503: '__LINE__Var': decorated name length exceeded, name was truncated
         c:\program files (x86)\microsoft visual studio 14.0\vc\include\vector(631): note: while compiling class template member function 'std::_Vector_val<std::_Simple_types<json_spirit::Json_grammer<Value_type,Iter_type>::definition<ScannerT> >> &std::_Vector_alloc<std::_Vec_base_types<_Ty,_Alloc>>::_Get_data(void) noexcept'
                 with
                 [
                     Value_type=json_spirit::wmValue,
                     Iter_type=Posn_iter_t,
                     ScannerT=scanner_t,
                     _Ty=json_spirit::Json_grammer<json_spirit::wmValue,Posn_iter_t>::definition<scanner_t> *,
                     _Alloc=std::allocator<json_spirit::Json_grammer<json_spirit::wmValue,Posn_iter_t>::definition<scanner_t> >
                 ]
         c:\program files (x86)\microsoft visual studio 14.0\vc\include\vector(652): note: see reference to function template instantiation 'std::_Vector_val<std::_Simple_types<json_spirit::Json_grammer<Value_type,Iter_type>::definition<ScannerT> >> &std::_Vector_alloc<std::_Vec_base_types<_Ty,_Alloc>>::_Get_data(void) noexcept' being compiled
                 with
                 [
                     Value_type=json_spirit::wmValue,
                     Iter_type=Posn_iter_t,
                     ScannerT=scanner_t,
                     _Ty=json_spirit::Json_grammer<json_spirit::wmValue,Posn_iter_t>::definition<scanner_t> *,
                     _Alloc=std::allocator<json_spirit::Json_grammer<json_spirit::wmValue,Posn_iter_t>::definition<scanner_t> >
                 ]
     1>c:\program files (x86)\microsoft visual studio 14.0\vc\include\vector(1794): warning C4503: '__LINE__Var': decorated name length exceeded, name was truncated
         c:\program files (x86)\microsoft visual studio 14.0\vc\include\vector(1794): note: while compiling class template member function 'void std::vector<json_spirit::Json_grammer<Value_type,Iter_type>::definition<ScannerT> *,std::allocator<_Ty>>::_Orphan_range(json_spirit::Json_grammer<Value_type,Iter_type>::definition<ScannerT> **,json_spirit::Json_grammer<Value_type,Iter_type>::definition<ScannerT> **) const'
                 with
                 [
                     Value_type=json_spirit::wmValue,
                     Iter_type=Posn_iter_t,
                     ScannerT=scanner_t,
                     _Ty=json_spirit::Json_grammer<json_spirit::wmValue,Posn_iter_t>::definition<scanner_t> *
                 ]
         c:\program files (x86)\microsoft visual studio 14.0\vc\include\vector(1531): note: see reference to function template instantiation 'void std::vector<json_spirit::Json_grammer<Value_type,Iter_type>::definition<ScannerT> *,std::allocator<_Ty>>::_Orphan_range(json_spirit::Json_grammer<Value_type,Iter_type>::definition<ScannerT> **,json_spirit::Json_grammer<Value_type,Iter_type>::definition<ScannerT> **) const' being compiled
                 with
                 [
                     Value_type=json_spirit::wmValue,
                     Iter_type=Posn_iter_t,
                     ScannerT=scanner_t,
                     _Ty=json_spirit::Json_grammer<json_spirit::wmValue,Posn_iter_t>::definition<scanner_t> *
                 ]
     1>c:\program files (x86)\microsoft visual studio 14.0\vc\include\vector(1599): warning C4503: '__LINE__Var': decorated name length exceeded, name was truncated
         c:\program files (x86)\microsoft visual studio 14.0\vc\include\vector(1599): note: while compiling class template member function 'void std::vector<json_spirit::Json_grammer<Value_type,Iter_type>::definition<ScannerT> *,std::allocator<_Ty>>::_Destroy(json_spirit::Json_grammer<Value_type,Iter_type>::definition<ScannerT> **,json_spirit::Json_grammer<Value_type,Iter_type>::definition<ScannerT> **)'
                 with
                 [
                     Value_type=json_spirit::wmValue,
                     Iter_type=Posn_iter_t,
                     ScannerT=scanner_t,
                     _Ty=json_spirit::Json_grammer<json_spirit::wmValue,Posn_iter_t>::definition<scanner_t> *
                 ]
         c:\program files (x86)\microsoft visual studio 14.0\vc\include\vector(1659): note: see reference to function template instantiation 'void std::vector<json_spirit::Json_grammer<Value_type,Iter_type>::definition<ScannerT> *,std::allocator<_Ty>>::_Destroy(json_spirit::Json_grammer<Value_type,Iter_type>::definition<ScannerT> **,json_spirit::Json_grammer<Value_type,Iter_type>::definition<ScannerT> **)' being compiled
                 with
                 [
                     Value_type=json_spirit::wmValue,
                     Iter_type=Posn_iter_t,
                     ScannerT=scanner_t,
                     _Ty=json_spirit::Json_grammer<json_spirit::wmValue,Posn_iter_t>::definition<scanner_t> *
                 ]
     1>c:\program files (x86)\microsoft visual studio 14.0\vc\include\xutility(318): warning C4503: '__LINE__Var': decorated name length exceeded, name was truncated
         c:\program files (x86)\microsoft visual studio 14.0\vc\include\xutility(318): note: while compiling class template member function 'const std::_Vector_val<std::_Simple_types<json_spirit::Json_grammer<Value_type,Iter_type>::definition<ScannerT> >> &std::_Compressed_pair<std::_Wrap_alloc<std::allocator<_Ty>>,std::_Vector_val<std::_Simple_types<json_spirit::Json_grammer<Value_type,Iter_type>::definition<ScannerT> *>>,true>::_Get_second(void) noexcept const'
                 with
                 [
                     Value_type=json_spirit::wmValue,
                     Iter_type=Posn_iter_t,
                     ScannerT=scanner_t,
                     _Ty=json_spirit::Json_grammer<json_spirit::wmValue,Posn_iter_t>::definition<scanner_t> *
                 ]
         c:\program files (x86)\microsoft visual studio 14.0\vc\include\vector(637): note: see reference to function template instantiation 'const std::_Vector_val<std::_Simple_types<json_spirit::Json_grammer<Value_type,Iter_type>::definition<ScannerT> >> &std::_Compressed_pair<std::_Wrap_alloc<std::allocator<_Ty>>,std::_Vector_val<std::_Simple_types<json_spirit::Json_grammer<Value_type,Iter_type>::definition<ScannerT> *>>,true>::_Get_second(void) noexcept const' being compiled
                 with
                 [
                     Value_type=json_spirit::wmValue,
                     Iter_type=Posn_iter_t,
                     ScannerT=scanner_t,
                     _Ty=json_spirit::Json_grammer<json_spirit::wmValue,Posn_iter_t>::definition<scanner_t> *
                 ]
     1>c:\program files (x86)\microsoft visual studio 14.0\vc\include\xutility(313): warning C4503: '__LINE__Var': decorated name length exceeded, name was truncated
         c:\program files (x86)\microsoft visual studio 14.0\vc\include\xutility(313): note: while compiling class template member function 'std::_Vector_val<std::_Simple_types<json_spirit::Json_grammer<Value_type,Iter_type>::definition<ScannerT> >> &std::_Compressed_pair<std::_Wrap_alloc<std::allocator<_Ty>>,std::_Vector_val<std::_Simple_types<json_spirit::Json_grammer<Value_type,Iter_type>::definition<ScannerT> *>>,true>::_Get_second(void) noexcept'
                 with
                 [
                     Value_type=json_spirit::wmValue,
                     Iter_type=Posn_iter_t,
                     ScannerT=scanner_t,
                     _Ty=json_spirit::Json_grammer<json_spirit::wmValue,Posn_iter_t>::definition<scanner_t> *
                 ]
         c:\program files (x86)\microsoft visual studio 14.0\vc\include\vector(632): note: see reference to function template instantiation 'std::_Vector_val<std::_Simple_types<json_spirit::Json_grammer<Value_type,Iter_type>::definition<ScannerT> >> &std::_Compressed_pair<std::_Wrap_alloc<std::allocator<_Ty>>,std::_Vector_val<std::_Simple_types<json_spirit::Json_grammer<Value_type,Iter_type>::definition<ScannerT> *>>,true>::_Get_second(void) noexcept' being compiled
                 with
                 [
                     Value_type=json_spirit::wmValue,
                     Iter_type=Posn_iter_t,
                     ScannerT=scanner_t,
                     _Ty=json_spirit::Json_grammer<json_spirit::wmValue,Posn_iter_t>::definition<scanner_t> *
                 ]
     1>c:\program files (x86)\microsoft visual studio 14.0\vc\include\vector(666): warning C4503: '__LINE__Var': decorated name length exceeded, name was truncated
         c:\program files (x86)\microsoft visual studio 14.0\vc\include\vector(666): note: while compiling class template member function 'json_spirit::Json_grammer<Value_type,Iter_type>::definition<ScannerT> **const &std::_Vector_alloc<std::_Vec_base_types<_Ty,_Alloc>>::_Myend(void) noexcept const'
                 with
                 [
                     Value_type=json_spirit::wmValue,
                     Iter_type=Posn_iter_t,
                     ScannerT=scanner_t,
                     _Ty=json_spirit::Json_grammer<json_spirit::wmValue,Posn_iter_t>::definition<scanner_t> *,
                     _Alloc=std::allocator<json_spirit::Json_grammer<json_spirit::wmValue,Posn_iter_t>::definition<scanner_t> >
                 ]
         c:\program files (x86)\microsoft visual studio 14.0\vc\include\vector(1047): note: see reference to function template instantiation 'json_spirit::Json_grammer<Value_type,Iter_type>::definition<ScannerT> **const &std::_Vector_alloc<std::_Vec_base_types<_Ty,_Alloc>>::_Myend(void) noexcept const' being compiled
                 with
                 [
                     Value_type=json_spirit::wmValue,
                     Iter_type=Posn_iter_t,
                     ScannerT=scanner_t,
                     _Ty=json_spirit::Json_grammer<json_spirit::wmValue,Posn_iter_t>::definition<scanner_t> *,
                     _Alloc=std::allocator<json_spirit::Json_grammer<json_spirit::wmValue,Posn_iter_t>::definition<scanner_t> >
                 ]
     1>c:\program files (x86)\microsoft visual studio 14.0\vc\include\vector(626): warning C4503: '__LINE__Var': decorated name length exceeded, name was truncated
         c:\program files (x86)\microsoft visual studio 14.0\vc\include\vector(626): note: while compiling class template member function 'const std::_Wrap_alloc<std::allocator<_Ty>> &std::_Vector_alloc<std::_Vec_base_types<_Ty,_Alloc>>::_Getal(void) noexcept const'
                 with
                 [
                     _Ty=json_spirit::Json_grammer<json_spirit::wmValue,Posn_iter_t>::definition<scanner_t> *,
                     _Alloc=std::allocator<json_spirit::Json_grammer<json_spirit::wmValue,Posn_iter_t>::definition<scanner_t> >
                 ]
         c:\program files (x86)\microsoft visual studio 14.0\vc\include\vector(1184): note: see reference to function template instantiation 'const std::_Wrap_alloc<std::allocator<_Ty>> &std::_Vector_alloc<std::_Vec_base_types<_Ty,_Alloc>>::_Getal(void) noexcept const' being compiled
                 with
                 [
                     _Ty=json_spirit::Json_grammer<json_spirit::wmValue,Posn_iter_t>::definition<scanner_t> *,
                     _Alloc=std::allocator<json_spirit::Json_grammer<json_spirit::wmValue,Posn_iter_t>::definition<scanner_t> >
                 ]
     1>c:\program files (x86)\microsoft visual studio 14.0\vc\include\xutility(298): warning C4503: '__LINE__Var': decorated name length exceeded, name was truncated
         c:\program files (x86)\microsoft visual studio 14.0\vc\include\xutility(298): note: while compiling class template member function 'const std::_Wrap_alloc<std::allocator<_Ty>> &std::_Compressed_pair<std::_Wrap_alloc<std::allocator<_Ty>>,std::_Vector_val<std::_Simple_types<json_spirit::Json_grammer<Value_type,Iter_type>::definition<ScannerT> >>,true>::_Get_first(void) noexcept const'
                 with
                 [
                     _Ty=json_spirit::Json_grammer<json_spirit::wmValue,Posn_iter_t>::definition<scanner_t> *,
                     Value_type=json_spirit::wmValue,
                     Iter_type=Posn_iter_t,
                     ScannerT=scanner_t
                 ]
         c:\program files (x86)\microsoft visual studio 14.0\vc\include\vector(627): note: see reference to function template instantiation 'const std::_Wrap_alloc<std::allocator<_Ty>> &std::_Compressed_pair<std::_Wrap_alloc<std::allocator<_Ty>>,std::_Vector_val<std::_Simple_types<json_spirit::Json_grammer<Value_type,Iter_type>::definition<ScannerT> >>,true>::_Get_first(void) noexcept const' being compiled
                 with
                 [
                     _Ty=json_spirit::Json_grammer<json_spirit::wmValue,Posn_iter_t>::definition<scanner_t> *,
                     Value_type=json_spirit::wmValue,
                     Iter_type=Posn_iter_t,
                     ScannerT=scanner_t
                 ]
     1>c:\program files (x86)\microsoft visual studio 14.0\vc\include\xmemory(688): warning C4503: '__LINE__Var': decorated name length exceeded, name was truncated
         c:\program files (x86)\microsoft visual studio 14.0\vc\include\vector(1140): note: see reference to function template instantiation 'void std::_Uninitialized_default_fill_n<json_spirit::Json_grammer<Value_type,Iter_type>::definition<ScannerT>,unsigned int,std::_Wrap_alloc<std::allocator<_Ty>>>(_FwdIt,_Diff,_Alloc &)' being compiled
                 with
                 [
                     Value_type=json_spirit::wmValue,
                     Iter_type=Posn_iter_t,
                     ScannerT=scanner_t,
                     _Ty=json_spirit::Json_grammer<json_spirit::wmValue,Posn_iter_t>::definition<scanner_t> *,
                     _FwdIt=json_spirit::Json_grammer<json_spirit::wmValue,Posn_iter_t>::definition<scanner_t> ,
                     _Diff=unsigned int,
                     _Alloc=std::_Wrap_alloc<std::allocator<json_spirit::Json_grammer<json_spirit::wmValue,Posn_iter_t>::definition<scanner_t> >>
                 ]
         c:\program files (x86)\microsoft visual studio 14.0\vc\include\vector(1132): note: while compiling class template member function 'void std::vector<json_spirit::Json_grammer<Value_type,Iter_type>::definition<ScannerT> *,std::allocator<_Ty>>::resize(unsigned int)'
                 with
                 [
                     Value_type=json_spirit::wmValue,
                     Iter_type=Posn_iter_t,
                     ScannerT=scanner_t,
                     _Ty=json_spirit::Json_grammer<json_spirit::wmValue,Posn_iter_t>::definition<scanner_t> *
                 ]
         c:\program files\boost\boost_1_34_0\boost\spirit\core\non_terminal\impl\grammar.ipp(170): note: see reference to function template instantiation 'void std::vector<json_spirit::Json_grammer<Value_type,Iter_type>::definition<ScannerT> *,std::allocator<_Ty>>::resize(unsigned int)' being compiled
                 with
                 [
                     Value_type=json_spirit::wmValue,
                     Iter_type=Posn_iter_t,
                     ScannerT=scanner_t,
                     _Ty=json_spirit::Json_grammer<json_spirit::wmValue,Posn_iter_t>::definition<scanner_t> *
                 ]
     1>c:\program files (x86)\microsoft visual studio 14.0\vc\include\xutility(288): warning C4503: '__LINE__Var': decorated name length exceeded, name was truncated
         c:\program files (x86)\microsoft visual studio 14.0\vc\include\vector(540): note: see reference to function template instantiation 'std::_Compressed_pair<std::_Wrap_alloc<std::allocator<_Ty>>,std::_Vector_val<std::_Simple_types<json_spirit::Json_grammer<Value_type,Iter_type>::definition<ScannerT> >>,true>::_Compressed_pair<const std::allocator<_Ty>&,>(std::_One_then_variadic_args_t,_Other1)' being compiled
                 with
                 [
                     _Ty=json_spirit::Json_grammer<json_spirit::wmValue,Posn_iter_t>::definition<scanner_t> *,
                     Value_type=json_spirit::wmValue,
                     Iter_type=Posn_iter_t,
                     ScannerT=scanner_t,
                     _Other1=const std::allocator<json_spirit::Json_grammer<json_spirit::wmValue,Posn_iter_t>::definition<scanner_t> > &
                 ]
         c:\program files (x86)\microsoft visual studio 14.0\vc\include\vector(540): note: see reference to function template instantiation 'std::_Compressed_pair<std::_Wrap_alloc<std::allocator<_Ty>>,std::_Vector_val<std::_Simple_types<json_spirit::Json_grammer<Value_type,Iter_type>::definition<ScannerT> >>,true>::_Compressed_pair<const std::allocator<_Ty>&,>(std::_One_then_variadic_args_t,_Other1)' being compiled
                 with
                 [
                     _Ty=json_spirit::Json_grammer<json_spirit::wmValue,Posn_iter_t>::definition<scanner_t> *,
                     Value_type=json_spirit::wmValue,
                     Iter_type=Posn_iter_t,
                     ScannerT=scanner_t,
                     _Other1=const std::allocator<json_spirit::Json_grammer<json_spirit::wmValue,Posn_iter_t>::definition<scanner_t> > &
                 ]
         c:\program files (x86)\microsoft visual studio 14.0\vc\include\vector(538): note: while compiling class template member function 'std::_Vector_alloc<std::_Vec_base_types<_Ty,_Alloc>>::_Vector_alloc(const std::allocator<_Ty> &)'
                 with
                 [
                     _Ty=json_spirit::Json_grammer<json_spirit::wmValue,Posn_iter_t>::definition<scanner_t> *,
                     _Alloc=std::allocator<json_spirit::Json_grammer<json_spirit::wmValue,Posn_iter_t>::definition<scanner_t> >
                 ]
         c:\program files (x86)\microsoft visual studio 14.0\vc\include\vector(706): note: see reference to function template instantiation 'std::_Vector_alloc<std::_Vec_base_types<_Ty,_Alloc>>::_Vector_alloc(const std::allocator<_Ty> &)' being compiled
                 with
                 [
                     _Ty=json_spirit::Json_grammer<json_spirit::wmValue,Posn_iter_t>::definition<scanner_t> *,
                     _Alloc=std::allocator<json_spirit::Json_grammer<json_spirit::wmValue,Posn_iter_t>::definition<scanner_t> >
                 ]
     1>c:\program files (x86)\microsoft visual studio 14.0\vc\include\vector(1677): warning C4503: '__LINE__Var': decorated name length exceeded, name was truncated
         c:\program files (x86)\microsoft visual studio 14.0\vc\include\vector(1624): note: see reference to function template instantiation 'json_spirit::Json_grammer<Value_type,Iter_type>::definition<ScannerT> **std::vector<json_spirit::Json_grammer<Value_type,Iter_type>::definition<ScannerT> *,std::allocator<_Ty>>::_Umove<json_spirit::Json_grammer<Value_type,Iter_type>::definition<ScannerT>**>(_Iter,_Iter,json_spirit::Json_grammer<Value_type,Iter_type>::definition<ScannerT> **)' being compiled
                 with
                 [
                     Value_type=json_spirit::wmValue,
                     Iter_type=Posn_iter_t,
                     ScannerT=scanner_t,
                     _Ty=json_spirit::Json_grammer<json_spirit::wmValue,Posn_iter_t>::definition<scanner_t> *,
                     _Iter=json_spirit::Json_grammer<json_spirit::wmValue,Posn_iter_t>::definition<scanner_t> 
                 ]
         c:\program files (x86)\microsoft visual studio 14.0\vc\include\vector(1624): note: see reference to function template instantiation 'json_spirit::Json_grammer<Value_type,Iter_type>::definition<ScannerT> **std::vector<json_spirit::Json_grammer<Value_type,Iter_type>::definition<ScannerT> *,std::allocator<_Ty>>::_Umove<json_spirit::Json_grammer<Value_type,Iter_type>::definition<ScannerT>**>(_Iter,_Iter,json_spirit::Json_grammer<Value_type,Iter_type>::definition<ScannerT> **)' being compiled
                 with
                 [
                     Value_type=json_spirit::wmValue,
                     Iter_type=Posn_iter_t,
                     ScannerT=scanner_t,
                     _Ty=json_spirit::Json_grammer<json_spirit::wmValue,Posn_iter_t>::definition<scanner_t> *,
                     _Iter=json_spirit::Json_grammer<json_spirit::wmValue,Posn_iter_t>::definition<scanner_t> 
                 ]
         c:\program files (x86)\microsoft visual studio 14.0\vc\include\vector(1620): note: while compiling class template member function 'void std::vector<json_spirit::Json_grammer<Value_type,Iter_type>::definition<ScannerT> *,std::allocator<_Ty>>::_Reallocate(unsigned int)'
                 with
                 [
                     Value_type=json_spirit::wmValue,
                     Iter_type=Posn_iter_t,
                     ScannerT=scanner_t,
                     _Ty=json_spirit::Json_grammer<json_spirit::wmValue,Posn_iter_t>::definition<scanner_t> *
                 ]
         c:\program files (x86)\microsoft visual studio 14.0\vc\include\vector(1650): note: see reference to function template instantiation 'void std::vector<json_spirit::Json_grammer<Value_type,Iter_type>::definition<ScannerT> *,std::allocator<_Ty>>::_Reallocate(unsigned int)' being compiled
                 with
                 [
                     Value_type=json_spirit::wmValue,
                     Iter_type=Posn_iter_t,
                     ScannerT=scanner_t,
                     _Ty=json_spirit::Json_grammer<json_spirit::wmValue,Posn_iter_t>::definition<scanner_t> *
                 ]
     1>c:\program files (x86)\microsoft visual studio 14.0\vc\include\xmemory0(185): warning C4503: '__LINE__Var': decorated name length exceeded, name was truncated
         c:\program files (x86)\microsoft visual studio 14.0\vc\include\vector(1600): note: see reference to function template instantiation 'void std::_Destroy_range<std::_Wrap_alloc<std::allocator<_Ty>>>(json_spirit::Json_grammer<Value_type,Iter_type>::definition<ScannerT> ,json_spirit::Json_grammer<Value_type,Iter_type>::definition<ScannerT> **,_Alloc &)' being compiled
                 with
                 [
                     _Ty=json_spirit::Json_grammer<json_spirit::wmValue,Posn_iter_t>::definition<scanner_t> *,
                     Value_type=json_spirit::wmValue,
                     Iter_type=Posn_iter_t,
                     ScannerT=scanner_t,
                     _Alloc=std::_Wrap_alloc<std::allocator<json_spirit::Json_grammer<json_spirit::wmValue,Posn_iter_t>::definition<scanner_t> >>
                 ]
         c:\program files (x86)\microsoft visual studio 14.0\vc\include\vector(1599): note: while compiling class template member function 'void std::vector<json_spirit::Json_grammer<Value_type,Iter_type>::definition<ScannerT> *,std::allocator<_Ty>>::_Destroy(json_spirit::Json_grammer<Value_type,Iter_type>::definition<ScannerT> **,json_spirit::Json_grammer<Value_type,Iter_type>::definition<ScannerT> **)'
                 with
                 [
                     Value_type=json_spirit::wmValue,
                     Iter_type=Posn_iter_t,
                     ScannerT=scanner_t,
                     _Ty=json_spirit::Json_grammer<json_spirit::wmValue,Posn_iter_t>::definition<scanner_t> *
                 ]
         c:\program files (x86)\microsoft visual studio 14.0\vc\include\vector(1659): note: see reference to function template instantiation 'void std::vector<json_spirit::Json_grammer<Value_type,Iter_type>::definition<ScannerT> *,std::allocator<_Ty>>::_Destroy(json_spirit::Json_grammer<Value_type,Iter_type>::definition<ScannerT> **,json_spirit::Json_grammer<Value_type,Iter_type>::definition<ScannerT> **)' being compiled
                 with
                 [
                     Value_type=json_spirit::wmValue,
                     Iter_type=Posn_iter_t,
                     ScannerT=scanner_t,
                     _Ty=json_spirit::Json_grammer<json_spirit::wmValue,Posn_iter_t>::definition<scanner_t> *
                 ]
     1>c:\program files (x86)\microsoft visual studio 14.0\vc\include\xmemory(679): warning C4503: '__LINE__Var': decorated name length exceeded, name was truncated
         c:\program files (x86)\microsoft visual studio 14.0\vc\include\xmemory(690): note: see reference to function template instantiation 'void std::_Uninit_def_fill_n<json_spirit::Json_grammer<Value_type,Iter_type>::definition<ScannerT>,_Diff,json_spirit::Json_grammer<Value_type,Iter_type>::definition<ScannerT>*>(_Ty *,_Diff,std::_Wrap_alloc<std::allocator<_Ty>> &,_Valty *,std::_Scalar_ptr_iterator_tag)' being compiled
                 with
                 [
                     Value_type=json_spirit::wmValue,
                     Iter_type=Posn_iter_t,
                     ScannerT=scanner_t,
                     _Diff=unsigned int,
                     _Ty=json_spirit::Json_grammer<json_spirit::wmValue,Posn_iter_t>::definition<scanner_t> ,
                     _Valty=json_spirit::Json_grammer<json_spirit::wmValue,Posn_iter_t>::definition<scanner_t> 
                 ]
         c:\program files (x86)\microsoft visual studio 14.0\vc\include\vector(1140): note: see reference to function template instantiation 'void std::_Uninitialized_default_fill_n<json_spirit::Json_grammer<Value_type,Iter_type>::definition<ScannerT>,unsigned int,std::_Wrap_alloc<std::allocator<_Ty>>>(_FwdIt,_Diff,_Alloc &)' being compiled
                 with
                 [
                     Value_type=json_spirit::wmValue,
                     Iter_type=Posn_iter_t,
                     ScannerT=scanner_t,
                     _Ty=json_spirit::Json_grammer<json_spirit::wmValue,Posn_iter_t>::definition<scanner_t> *,
                     _FwdIt=json_spirit::Json_grammer<json_spirit::wmValue,Posn_iter_t>::definition<scanner_t> ,
                     _Diff=unsigned int,
                     _Alloc=std::_Wrap_alloc<std::allocator<json_spirit::Json_grammer<json_spirit::wmValue,Posn_iter_t>::definition<scanner_t> >>
                 ]
     1>c:\program files (x86)\microsoft visual studio 14.0\vc\include\xmemory(490): warning C4503: '__LINE__Var': decorated name length exceeded, name was truncated
         c:\program files (x86)\microsoft visual studio 14.0\vc\include\vector(1679): note: see reference to function template instantiation '_FwdIt std::_Uninitialized_move<_Iter,json_spirit::Json_grammer<Value_type,Iter_type>::definition<ScannerT>,std::_Wrap_alloc<std::allocator<_Ty>>>(_InIt,_InIt,_FwdIt,_Alloc &)' being compiled
                 with
                 [
                     _FwdIt=json_spirit::Json_grammer<json_spirit::wmValue,Posn_iter_t>::definition<scanner_t> ,
                     _Iter=json_spirit::Json_grammer<json_spirit::wmValue,Posn_iter_t>::definition<scanner_t> ,
                     Value_type=json_spirit::wmValue,
                     Iter_type=Posn_iter_t,
                     ScannerT=scanner_t,
                     _Ty=json_spirit::Json_grammer<json_spirit::wmValue,Posn_iter_t>::definition<scanner_t> *,
                     _InIt=json_spirit::Json_grammer<json_spirit::wmValue,Posn_iter_t>::definition<scanner_t> ,
                     _Alloc=std::_Wrap_alloc<std::allocator<json_spirit::Json_grammer<json_spirit::wmValue,Posn_iter_t>::definition<scanner_t> >>
                 ]
         c:\program files (x86)\microsoft visual studio 14.0\vc\include\vector(1624): note: see reference to function template instantiation 'json_spirit::Json_grammer<Value_type,Iter_type>::definition<ScannerT> **std::vector<json_spirit::Json_grammer<Value_type,Iter_type>::definition<ScannerT> *,std::allocator<_Ty>>::_Umove<json_spirit::Json_grammer<Value_type,Iter_type>::definition<ScannerT>**>(_Iter,_Iter,json_spirit::Json_grammer<Value_type,Iter_type>::definition<ScannerT> **)' being compiled
                 with
                 [
                     Value_type=json_spirit::wmValue,
                     Iter_type=Posn_iter_t,
                     ScannerT=scanner_t,
                     _Ty=json_spirit::Json_grammer<json_spirit::wmValue,Posn_iter_t>::definition<scanner_t> *,
                     _Iter=json_spirit::Json_grammer<json_spirit::wmValue,Posn_iter_t>::definition<scanner_t> 
                 ]
         c:\program files (x86)\microsoft visual studio 14.0\vc\include\vector(1624): note: see reference to function template instantiation 'json_spirit::Json_grammer<Value_type,Iter_type>::definition<ScannerT> **std::vector<json_spirit::Json_grammer<Value_type,Iter_type>::definition<ScannerT> *,std::allocator<_Ty>>::_Umove<json_spirit::Json_grammer<Value_type,Iter_type>::definition<ScannerT>**>(_Iter,_Iter,json_spirit::Json_grammer<Value_type,Iter_type>::definition<ScannerT> **)' being compiled
                 with
                 [
                     Value_type=json_spirit::wmValue,
                     Iter_type=Posn_iter_t,
                     ScannerT=scanner_t,
                     _Ty=json_spirit::Json_grammer<json_spirit::wmValue,Posn_iter_t>::definition<scanner_t> *,
                     _Iter=json_spirit::Json_grammer<json_spirit::wmValue,Posn_iter_t>::definition<scanner_t> 
                 ]
     1>c:\program files (x86)\microsoft visual studio 14.0\vc\include\xmemory0(179): warning C4503: '__LINE__Var': decorated name length exceeded, name was truncated
         c:\program files (x86)\microsoft visual studio 14.0\vc\include\xmemory0(186): note: see reference to function template instantiation 'void std::_Destroy_range<_Alloc>(json_spirit::Json_grammer<Value_type,Iter_type>::definition<ScannerT> ,json_spirit::Json_grammer<Value_type,Iter_type>::definition<ScannerT> **,_Alloc &,std::_Scalar_ptr_iterator_tag)' being compiled
                 with
                 [
                     _Alloc=std::_Wrap_alloc<std::allocator<json_spirit::Json_grammer<json_spirit::wmValue,Posn_iter_t>::definition<scanner_t> >>,
                     Value_type=json_spirit::wmValue,
                     Iter_type=Posn_iter_t,
                     ScannerT=scanner_t
                 ]
         c:\program files (x86)\microsoft visual studio 14.0\vc\include\vector(1600): note: see reference to function template instantiation 'void std::_Destroy_range<std::_Wrap_alloc<std::allocator<_Ty>>>(json_spirit::Json_grammer<Value_type,Iter_type>::definition<ScannerT> ,json_spirit::Json_grammer<Value_type,Iter_type>::definition<ScannerT> **,_Alloc &)' being compiled
                 with
                 [
                     _Ty=json_spirit::Json_grammer<json_spirit::wmValue,Posn_iter_t>::definition<scanner_t> *,
                     Value_type=json_spirit::wmValue,
                     Iter_type=Posn_iter_t,
                     ScannerT=scanner_t,
                     _Alloc=std::_Wrap_alloc<std::allocator<json_spirit::Json_grammer<json_spirit::wmValue,Posn_iter_t>::definition<scanner_t> >>
                 ]
     1>c:\program files (x86)\microsoft visual studio 14.0\vc\include\xmemory(480): warning C4503: '__LINE__Var': decorated name length exceeded, name was truncated
         c:\program files (x86)\microsoft visual studio 14.0\vc\include\xmemory(493): note: see reference to function template instantiation '_FwdIt std::_Uninit_move<_Iter,_Iter,_Alloc>(_InIt,_InIt,_FwdIt,_Alloc &)' being compiled
                 with
                 [
                     _FwdIt=json_spirit::Json_grammer<json_spirit::wmValue,Posn_iter_t>::definition<scanner_t> ,
                     _Iter=json_spirit::Json_grammer<json_spirit::wmValue,Posn_iter_t>::definition<scanner_t> ,
                     _Alloc=std::_Wrap_alloc<std::allocator<json_spirit::Json_grammer<json_spirit::wmValue,Posn_iter_t>::definition<scanner_t> >>,
                     _InIt=json_spirit::Json_grammer<json_spirit::wmValue,Posn_iter_t>::definition<scanner_t> 
                 ]
         c:\program files (x86)\microsoft visual studio 14.0\vc\include\vector(1679): note: see reference to function template instantiation '_FwdIt std::_Uninitialized_move<_Iter,json_spirit::Json_grammer<Value_type,Iter_type>::definition<ScannerT>,std::_Wrap_alloc<std::allocator<_Ty>>>(_InIt,_InIt,_FwdIt,_Alloc &)' being compiled
                 with
                 [
                     _FwdIt=json_spirit::Json_grammer<json_spirit::wmValue,Posn_iter_t>::definition<scanner_t> ,
                     _Iter=json_spirit::Json_grammer<json_spirit::wmValue,Posn_iter_t>::definition<scanner_t> ,
                     Value_type=json_spirit::wmValue,
                     Iter_type=Posn_iter_t,
                     ScannerT=scanner_t,
                     _Ty=json_spirit::Json_grammer<json_spirit::wmValue,Posn_iter_t>::definition<scanner_t> *,
                     _InIt=json_spirit::Json_grammer<json_spirit::wmValue,Posn_iter_t>::definition<scanner_t> ,
                     _Alloc=std::_Wrap_alloc<std::allocator<json_spirit::Json_grammer<json_spirit::wmValue,Posn_iter_t>::definition<scanner_t> >>
                 ]
     1>c:\program files (x86)\microsoft visual studio 14.0\vc\include\xmemory(468): warning C4503: '__LINE__Var': decorated name length exceeded, name was truncated
         c:\program files (x86)\microsoft visual studio 14.0\vc\include\xmemory(482): note: see reference to function template instantiation '_Ty2 *std::_Uninit_move<json_spirit::Json_grammer<Value_type,Iter_type>::definition<ScannerT>,json_spirit::Json_grammer<Value_type,Iter_type>::definition<ScannerT>*,json_spirit::Json_grammer<Value_type,Iter_type>::definition<ScannerT>*>(_Ty1 *,_Ty1 *,_Ty2 *,std::_Wrap_alloc<std::allocator<_Ty>> &,_Valty *,std::_Scalar_ptr_iterator_tag)' being compiled
                 with
                 [
                     _Ty2=json_spirit::Json_grammer<json_spirit::wmValue,Posn_iter_t>::definition<scanner_t> ,
                     Value_type=json_spirit::wmValue,
                     Iter_type=Posn_iter_t,
                     ScannerT=scanner_t,
                     _Ty1=json_spirit::Json_grammer<json_spirit::wmValue,Posn_iter_t>::definition<scanner_t> ,
                     _Ty=json_spirit::Json_grammer<json_spirit::wmValue,Posn_iter_t>::definition<scanner_t> *,
                     _Valty=json_spirit::Json_grammer<json_spirit::wmValue,Posn_iter_t>::definition<scanner_t> 
                 ]
         c:\program files (x86)\microsoft visual studio 14.0\vc\include\xmemory(493): note: see reference to function template instantiation '_FwdIt std::_Uninit_move<_Iter,_Iter,_Alloc>(_InIt,_InIt,_FwdIt,_Alloc &)' being compiled
                 with
                 [
                     _FwdIt=json_spirit::Json_grammer<json_spirit::wmValue,Posn_iter_t>::definition<scanner_t> ,
                     _Iter=json_spirit::Json_grammer<json_spirit::wmValue,Posn_iter_t>::definition<scanner_t> ,
                     _Alloc=std::_Wrap_alloc<std::allocator<json_spirit::Json_grammer<json_spirit::wmValue,Posn_iter_t>::definition<scanner_t> >>,
                     _InIt=json_spirit::Json_grammer<json_spirit::wmValue,Posn_iter_t>::definition<scanner_t> 
                 ]
         Generating Code...
       Lib:
         C:\Program Files (x86)\Microsoft Visual Studio 14.0\VC\bin\Lib.exe /OUT:"C:\Users\JuanCarlos\Documents\Visual Studio 2015\Projects\MedzmateProcess\Debug\json_spirit_lib.lib" /NOLOGO Debug\json_spirit_reader.obj
         Debug\json_spirit_writer.obj
         json_spirit.vcxproj -> C:\Users\JuanCarlos\Documents\Visual Studio 2015\Projects\MedzmateProcess\Debug\json_spirit_lib.lib
     1>Done Building Project "C:\Users\JuanCarlos\Documents\Visual Studio 2015\Projects\MedzmateProcess\json_spirit\json_spirit.vcxproj" (Build target(s)).

Build succeeded.

Time Elapsed 00:00:16.61
