c:\users\juancarlos\documents\visual studio 2015\projects\medzmateprocess\medzmateprocess\debug\medzmateprocess.pch
c:\users\juancarlos\documents\visual studio 2015\projects\medzmateprocess\medzmateprocess\debug\vc140.pdb
c:\users\juancarlos\documents\visual studio 2015\projects\medzmateprocess\medzmateprocess\debug\stdafx.obj
c:\users\juancarlos\documents\visual studio 2015\projects\medzmateprocess\medzmateprocess\debug\schedulerprocess.obj
c:\users\juancarlos\documents\visual studio 2015\projects\medzmateprocess\medzmateprocess\debug\medzmateconfiguration.obj
c:\users\juancarlos\documents\visual studio 2015\projects\medzmateprocess\medzmateprocess\debug\medzmateprocess.obj
c:\users\juancarlos\documents\visual studio 2015\projects\medzmateprocess\medzmateprocess\debug\dispenserconfiguration.obj
c:\users\juancarlos\documents\visual studio 2015\projects\medzmateprocess\medzmateprocess\debug\assemblyinfo.obj
c:\users\juancarlos\documents\visual studio 2015\projects\medzmateprocess\medzmateprocess\debug\.netframework,version=v4.5.2.assemblyattributes.obj
c:\users\juancarlos\documents\visual studio 2015\projects\medzmateprocess\medzmateprocess\debug\.netframework,version=v4.5.2.assemblyattributes.asm
c:\users\juancarlos\documents\visual studio 2015\projects\medzmateprocess\debug\medzmateprocess.exe
c:\users\juancarlos\documents\visual studio 2015\projects\medzmateprocess\debug\medzmateprocess.pdb
c:\users\juancarlos\documents\visual studio 2015\projects\medzmateprocess\medzmateprocess\debug\app.res
c:\users\juancarlos\documents\visual studio 2015\projects\medzmateprocess\medzmateprocess\debug\medzmateprocess.vcxprojresolveassemblyreference.cache
c:\users\juancarlos\documents\visual studio 2015\projects\medzmateprocess\medzmateprocess\debug\medzmateprocess.tlog\cl.command.1.tlog
c:\users\juancarlos\documents\visual studio 2015\projects\medzmateprocess\medzmateprocess\debug\medzmateprocess.tlog\cl.read.1.tlog
c:\users\juancarlos\documents\visual studio 2015\projects\medzmateprocess\medzmateprocess\debug\medzmateprocess.tlog\cl.write.1.tlog
c:\users\juancarlos\documents\visual studio 2015\projects\medzmateprocess\medzmateprocess\debug\medzmateprocess.tlog\link.command.1.tlog
c:\users\juancarlos\documents\visual studio 2015\projects\medzmateprocess\medzmateprocess\debug\medzmateprocess.tlog\link.read.1.tlog
c:\users\juancarlos\documents\visual studio 2015\projects\medzmateprocess\medzmateprocess\debug\medzmateprocess.tlog\link.write.1.tlog
c:\users\juancarlos\documents\visual studio 2015\projects\medzmateprocess\medzmateprocess\debug\medzmateprocess.tlog\metagen.read.1.tlog
c:\users\juancarlos\documents\visual studio 2015\projects\medzmateprocess\medzmateprocess\debug\medzmateprocess.tlog\metagen.write.1.tlog
c:\users\juancarlos\documents\visual studio 2015\projects\medzmateprocess\medzmateprocess\debug\medzmateprocess.tlog\rc.command.1.tlog
c:\users\juancarlos\documents\visual studio 2015\projects\medzmateprocess\medzmateprocess\debug\medzmateprocess.tlog\rc.read.1.tlog
c:\users\juancarlos\documents\visual studio 2015\projects\medzmateprocess\medzmateprocess\debug\medzmateprocess.tlog\rc.write.1.tlog
c:\users\juancarlos\documents\visual studio 2015\projects\medzmateprocess\medzmateprocess\debug\medzmateprocess.tlog\tzres.dll.bi
