Build started 10/8/2015 10:44:18 PM.
     1>Project "C:\Users\JuanCarlos\Documents\Visual Studio 2015\Projects\MedzmateProcess\MedzmateProcess\MedzmateProcess.vcxproj" on node 2 (Build target(s)).
     1>ClCompile:
         C:\Program Files (x86)\Microsoft Visual Studio 14.0\VC\bin\CL.exe /c /I"C:\Program Files\boost\boost_1_34_0" /I"C:\Users\JuanCarlos\Documents\Visual Studio 2015\Projects\MedzmateProcess\json_spirit" /AI"C:\Program Files (x86)\Reference Assemblies\Microsoft\Framework\.NETFramework\v4.5.2\\" /AI"C:\Program Files (x86)\Windows Kits\8.1\References\CommonConfiguration\Neutral" /AI"C:\Program Files (x86)\Reference Assemblies\Microsoft\Framework\.NETFramework\v4.5.2\Facades\\" /Zi /clr /nologo /W3 /WX- /Od /Oy- /D WIN32 /D _DEBUG /D _UNICODE /D UNICODE /EHa /MDd /GS /fp:precise /Zc:wchar_t /Zc:forScope /Zc:inline /Fo"Debug\\" /Fd"Debug\vc140.pdb" /TP /FU"C:\Program Files (x86)\Reference Assemblies\Microsoft\Framework\.NETFramework\v4.5.2\mscorlib.dll" /analyze- /errorReport:prompt /clr:nostdlib MedzmateProcess.cpp
         MedzmateProcess.cpp
         Unknown compiler version - please run the configure tests and report the results
     1>MedzmateProcess.cpp(19): warning C4996: '_getsystime': This function or variable has been superceded by newer library or operating system functionality. Consider using GetLocalTime instead. See online help for details.
         C:\Program Files (x86)\Windows Kits\10\Include\10.0.10150.0\ucrt\time.h(345): note: see declaration of '_getsystime'
       Link:
         C:\Program Files (x86)\Microsoft Visual Studio 14.0\VC\bin\link.exe /ERRORREPORT:PROMPT /OUT:"C:\Users\JuanCarlos\Documents\Visual Studio 2015\Projects\MedzmateProcess\Debug\MedzmateProcess.exe" /INCREMENTAL /NOLOGO /MANIFEST /MANIFESTUAC:"level='asInvoker' uiAccess='false'" /manifest:embed /Debug /PDB:"C:\Users\JuanCarlos\Documents\Visual Studio 2015\Projects\MedzmateProcess\Debug\MedzmateProcess.pdb" /ASSEMBLYDEBUG /SUBSYSTEM:CONSOLE /TLBID:1 /DYNAMICBASE /FIXED:NO /NXCOMPAT /MACHINE:X86 Debug\AssemblyInfo.obj
         Debug\DispenserConfiguration.obj
         Debug\MedzmateProcess.obj
         Debug\MedzmateConfiguration.obj
         Debug\SchedulerProcess.obj
         Debug\Serializer.obj
         Debug\stdafx.obj
         "Debug\.NETFramework,Version=v4.5.2.AssemblyAttributes.obj"
         "C:\Users\JuanCarlos\Documents\Visual Studio 2015\Projects\MedzmateProcess\Debug\json_spirit_lib.lib"
     1>json_spirit_lib.lib(json_spirit_writer.obj) : warning LNK4075: ignoring '/EDITANDCONTINUE' due to '/OPT:LBR' specification
         MedzmateProcess.vcxproj -> C:\Users\JuanCarlos\Documents\Visual Studio 2015\Projects\MedzmateProcess\Debug\MedzmateProcess.exe
     1>Done Building Project "C:\Users\JuanCarlos\Documents\Visual Studio 2015\Projects\MedzmateProcess\MedzmateProcess\MedzmateProcess.vcxproj" (Build target(s)).

Build succeeded.

Time Elapsed 00:00:03.43
